[FORCE-OTP] Generated OTP: 655248
[TEST] OTP: 376205
[DEV-OTP] User student@erp.local | OTP: 557837
[DEV-OTP] Login route confirm | User student@erp.local | OTP: 557837
[DEV-OTP] User student@erp.local | OTP: 648470
[DEV-OTP] Resend route confirm | User student@erp.local | OTP: 648470
[DEV-OTP] User student@erp.local | OTP: 171156
[DEV-OTP] Login route confirm | User student@erp.local | OTP: 171156
[DEV-OTP] User student@erp.local | OTP: 232996
[DEV-OTP] User student@erp.local | OTP: 081724
[DEV-OTP] User student@erp.local | OTP: 518509
[DEV-OTP] Login route confirm | User student@erp.local | OTP: 232996
[DEV-OTP] Login route confirm | User student@erp.local | OTP: 081724
[DEV-OTP] Login route confirm | User student@erp.local | OTP: 518509
[DEV-OTP] User student@erp.local | OTP: 115661
[DEV-OTP] Resend route confirm | User student@erp.local | OTP: 115661
[DEV-OTP] User student@erp.local | OTP: 275879
[DEV-OTP] Resend route confirm | User student@erp.local | OTP: 275879
[DEV-OTP] User student@erp.local | OTP: 618841
[DEV-OTP] Login route confirm | User student@erp.local | OTP: 618841
[DEV-OTP] User student@erp.local | OTP: 148333
[DEV-OTP] Login route confirm | User student@erp.local | OTP: 148333
[DEV-OTP] User student@erp.local | OTP: 292830
[DEV-OTP] User student@erp.local | OTP: 686117
[DEV-OTP] Login route confirm | User student@erp.local | OTP: 292830
[DEV-OTP] Login route confirm | User student@erp.local | OTP: 686117
[DEV-OTP] User student@erp.local | OTP: 681025
[DEV-OTP] Login route confirm | User student@erp.local | OTP: 681025
[DEV-OTP] User teacher@erp.local | OTP: 069622
[DEV-OTP] Login route confirm | User teacher@erp.local | OTP: 069622
[DEV-OTP] User teacher@erp.local | OTP: 753042
[DEV-OTP] Login route confirm | User teacher@erp.local | OTP: 753042
[DEV-OTP] User teacher@erp.local | OTP: 971754
[DEV-OTP] Login route confirm | User teacher@erp.local | OTP: 971754
[DEV-OTP] User teacher@erp.local | OTP: 410871
[DEV-OTP] Login route confirm | User teacher@erp.local | OTP: 410871
[DEV-OTP] User teacher@erp.local | OTP: 647750
[DEV-OTP] Resend route confirm | User teacher@erp.local | OTP: 647750
