[DEV-OTP] User student@erp.local | OTP: 116695
[DEV-OTP] User student@erp.local | OTP: 135508
[DEV-OTP] Login route confirm | User student@erp.local | OTP: 135508
[DEV-OTP] User student@erp.local | OTP: 135508
[DEV-OTP] User student@erp.local | OTP: 237237
[DEV-OTP] Resend route confirm | User student@erp.local | OTP: 237237
[DEV-OTP] User student@erp.local | OTP: 128489
[DEV-OTP] User student@erp.local | OTP: 607004
[DEV-OTP] Login route confirm | User student@erp.local | OTP: 607004
[DEV-OTP] User student@erp.local | OTP: 372020
[DEV-OTP] Login route confirm | User student@erp.local | OTP: 372020
[DEV-OTP] User student@erp.local | OTP: 644556
[DEV-OTP] Login route confirm | User student@erp.local | OTP: 644556
[DEV-OTP] User student@erp.local | OTP: 037765
[DEV-OTP] User student@erp.local | OTP: 948577
[DEV-OTP] Login route confirm | User student@erp.local | OTP: 037765
[DEV-OTP] Login route confirm | User student@erp.local | OTP: 948577
[DEV-OTP] User student@erp.local | OTP: 595347
[DEV-OTP] Login route confirm | User student@erp.local | OTP: 595347
[DEV-OTP] User student@erp.local | OTP: 679151
[DEV-OTP] Login route confirm | User student@erp.local | OTP: 679151
[TEST-OTP] Generated OTP: 642122
[TEST-OTP] Generated OTP: 501813
[DEV-OTP] User student@erp.local | OTP: 462729
[DIRECT-TEST] This is a direct OTP test
[DEV-OTP] User student@erp.local | OTP: 366694
[DEV-OTP] User student@erp.local | OTP: 772922
[TEST] OTP: 376205
[DEV-OTP] User student@erp.local | OTP: 557837
[DEV-OTP] Login route confirm | User student@erp.local | OTP: 557837
[DEV-OTP] User student@erp.local | OTP: 648470
[DEV-OTP] Resend route confirm | User student@erp.local | OTP: 648470
[DEV-OTP] User student@erp.local | OTP: 171156
[DEV-OTP] Login route confirm | User student@erp.local | OTP: 171156
[DEV-OTP] User student@erp.local | OTP: 232996
[DEV-OTP] User student@erp.local | OTP: 081724
[DEV-OTP] User student@erp.local | OTP: 518509
[DEV-OTP] Login route confirm | User student@erp.local | OTP: 232996
[DEV-OTP] Login route confirm | User student@erp.local | OTP: 081724
[DEV-OTP] Login route confirm | User student@erp.local | OTP: 518509
[DEV-OTP] User student@erp.local | OTP: 115661
[DEV-OTP] Resend route confirm | User student@erp.local | OTP: 115661
[DEV-OTP] User student@erp.local | OTP: 275879
[DEV-OTP] Resend route confirm | User student@erp.local | OTP: 275879
[DEV-OTP] User student@erp.local | OTP: 618841
[DEV-OTP] Login route confirm | User student@erp.local | OTP: 618841
[DEV-OTP] User student@erp.local | OTP: 148333
[DEV-OTP] Login route confirm | User student@erp.local | OTP: 148333
[DEV-OTP] User student@erp.local | OTP: 292830
[DEV-OTP] User student@erp.local | OTP: 686117
[DEV-OTP] Login route confirm | User student@erp.local | OTP: 292830
[DEV-OTP] Login route confirm | User student@erp.local | OTP: 686117
[DEV-OTP] User student@erp.local | OTP: 681025
[DEV-OTP] Login route confirm | User student@erp.local | OTP: 681025
[DEV-OTP] User teacher@erp.local | OTP: 069622
[DEV-OTP] Login route confirm | User teacher@erp.local | OTP: 069622
[DEV-OTP] User teacher@erp.local | OTP: 753042
[DEV-OTP] Login route confirm | User teacher@erp.local | OTP: 753042
[DEV-OTP] User teacher@erp.local | OTP: 971754
[DEV-OTP] Login route confirm | User teacher@erp.local | OTP: 971754
[DEV-OTP] User teacher@erp.local | OTP: 410871
[DEV-OTP] Login route confirm | User teacher@erp.local | OTP: 410871
[DEV-OTP] User teacher@erp.local | OTP: 647750
[DEV-OTP] Resend route confirm | User teacher@erp.local | OTP: 647750
